<?xml version="1.0" encoding="UTF-8"?>
<testng-results ignored="0" total="1" passed="1" failed="0" skipped="0">
  <reporter-output>
  </reporter-output>
  <suite started-at="2024-11-29T16:12:41 IST" name="Default suite" finished-at="2024-11-29T16:12:45 IST" duration-ms="4353">
    <groups>
    </groups>
    <test started-at="2024-11-29T16:12:41 IST" name="Default test" finished-at="2024-11-29T16:12:45 IST" duration-ms="4353">
      <class name="TutorialNinja.Register.TC_RF_016">
        <test-method signature="verifyingRegisterPageWithSpace()[pri:0, instance:TutorialNinja.Register.TC_RF_016@49ec71f8]" started-at="2024-11-29T16:12:41 IST" name="verifyingRegisterPageWithSpace" finished-at="2024-11-29T16:12:45 IST" duration-ms="4315" status="PASS">
          <reporter-output>
          </reporter-output>
        </test-method> <!-- verifyingRegisterPageWithSpace -->
      </class> <!-- TutorialNinja.Register.TC_RF_016 -->
    </test> <!-- Default test -->
  </suite> <!-- Default suite -->
</testng-results>
